Now listening on: http://localhost:8080
Application started. Press CTRL+C to shut down.
2021/10/06 08:28:42 net/http: invalid Cookie.Domain "172.115"; dropping domain attribute
2021/10/06 09:10:22 net/http: invalid Cookie.Domain "172.115"; dropping domain attribute
2021/10/06 10:42:25 net/http: invalid Cookie.Domain "172.115"; dropping domain attribute
2021/10/06 13:31:49 net/http: invalid Cookie.Domain "172.115"; dropping domain attribute
2021/10/06 20:05:19 net/http: invalid Cookie.Domain "172.115"; dropping domain attribute
2021/10/06 21:59:36 net/http: invalid Cookie.Domain "172.115"; dropping domain attribute
[mysql] 2021/10/06 23:52:27 packets.go:122: closing bad idle connection: unexpected read from socket
time="2021-10-06T23:52:30-04:00" level=info msg="select u.uid, u.nick_name, u.level, u.game_coin, u.user_acc, u.user_permission, u.create_at, u.last_login_at, u.create_os, u.last_login_os,u.normal_active from `user` u  WHERE 1=1  AND `user_permission` != 'super_admin' GROUP BY u.`uid`  ORDER BY `create_at` DESC  Limit 50 OFFSET 0" source=db
2021/10/06 23:52:35 here is connnnnnnnnttttttttttttttttttttttttttttttt
time="2021-10-06T23:52:35-04:00" level=info msg="select * from game_coin_locker_history WHERE 1=1   Limit 50 OFFSET 0" source=db
2021/10/06 23:55:27 net/http: invalid Cookie.Domain "172.115"; dropping domain attribute
Now listening on: http://localhost:8080
Application started. Press CTRL+C to shut down.
2021/10/08 08:36:41 net/http: invalid Cookie.Domain "172.115"; dropping domain attribute
2021/10/08 09:37:03 net/http: invalid Cookie.Domain "172.115"; dropping domain attribute
2021/10/08 09:37:03 net/http: invalid Cookie.Domain "172.115"; dropping domain attribute
[HTTP Server] http: URL query contains semicolon, which is no longer a supported separator; parts of the query may be stripped when parsed; see golang.org/issue/25192
2021/10/08 11:06:48 net/http: invalid Cookie.Domain "172.115"; dropping domain attribute
2021/10/08 13:07:37 net/http: invalid Cookie.Domain "172.115"; dropping domain attribute
2021/10/08 13:33:22 net/http: invalid Cookie.Domain "172.115"; dropping domain attribute
2021/10/08 20:03:56 net/http: invalid Cookie.Domain "172.115"; dropping domain attribute
2021/10/08 20:04:46 net/http: invalid Cookie.Domain "172.115"; dropping domain attribute
2021/10/08 21:30:50 net/http: invalid Cookie.Domain "172.115"; dropping domain attribute
2021/10/09 00:17:10 net/http: invalid Cookie.Domain "172.115"; dropping domain attribute
2021/10/09 00:27:53 net/http: invalid Cookie.Domain "172.115"; dropping domain attribute
2021/10/09 00:27:53 net/http: invalid Cookie.Domain "172.115"; dropping domain attribute
2021/10/09 00:27:53 net/http: invalid Cookie.Domain "172.115"; dropping domain attribute
2021/10/09 00:33:44 net/http: invalid Cookie.Domain "172.115"; dropping domain attribute
2021/10/09 01:42:09 net/http: invalid Cookie.Domain "172.115"; dropping domain attribute
2021/10/09 01:42:10 net/http: invalid Cookie.Domain "172.115"; dropping domain attribute
2021/10/09 03:39:18 net/http: invalid Cookie.Domain "172.115"; dropping domain attribute
2021/10/09 03:39:18 net/http: invalid Cookie.Domain "172.115"; dropping domain attribute
2021/10/09 06:27:00 net/http: invalid Cookie.Domain "113.11"; dropping domain attribute
2021/10/09 07:35:06 net/http: invalid Cookie.Domain "172.115"; dropping domain attribute
2021/10/09 08:41:47 net/http: invalid Cookie.Domain "172.115"; dropping domain attribute
2021/10/09 12:47:52 net/http: invalid Cookie.Domain "172.115"; dropping domain attribute
2021/10/09 16:41:01 net/http: invalid Cookie.Domain "172.115"; dropping domain attribute
2021/10/09 17:51:48 net/http: invalid Cookie.Domain "172.115"; dropping domain attribute
2021/10/09 18:52:47 net/http: invalid Cookie.Domain "172.115"; dropping domain attribute
2021/10/09 18:52:47 net/http: invalid Cookie.Domain "172.115"; dropping domain attribute
2021/10/09 23:47:55 net/http: invalid Cookie.Domain "172.115"; dropping domain attribute
2021/10/10 00:01:37 net/http: invalid Cookie.Domain "172.115"; dropping domain attribute
2021/10/10 03:40:27 net/http: invalid Cookie.Domain "172.115"; dropping domain attribute
[HTTP Server] http: URL query contains semicolon, which is no longer a supported separator; parts of the query may be stripped when parsed; see golang.org/issue/25192
2021/10/10 09:00:15 net/http: invalid Cookie.Domain "172.115"; dropping domain attribute
2021/10/10 09:10:19 net/http: invalid Cookie.Domain "172.115"; dropping domain attribute
2021/10/10 09:55:04 net/http: invalid Cookie.Domain "172.115"; dropping domain attribute
2021/10/10 13:39:52 net/http: invalid Cookie.Domain "172.115"; dropping domain attribute
2021/10/10 14:13:23 net/http: invalid Cookie.Domain "172.115"; dropping domain attribute
2021/10/10 14:57:00 net/http: invalid Cookie.Domain "172.115"; dropping domain attribute
2021/10/10 18:11:34 net/http: invalid Cookie.Domain "172.115"; dropping domain attribute
[mysql] 2021/10/10 22:21:22 packets.go:122: closing bad idle connection: unexpected read from socket
SELECT * FROM `v_code` WHERE 1=1 AND `phone_number` = 0
time="2021-10-10T22:21:30-04:00" level=info msg="SELECT * FROM code_information WHERE 1=1  ORDER BY operating_time DESC Limit 50 OFFSET 0" source=db
time="2021-10-10T22:21:30-04:00" level=info msg="SELECT * FROM code_information  ORDER BY operating_time DESC LIMIT 10" source=db
time="2021-10-10T22:21:31-04:00" level=info msg="SELECT * FROM code_information WHERE 1=1  ORDER BY operating_time DESC Limit 50 OFFSET 0" source=db
time="2021-10-10T22:21:31-04:00" level=info msg="SELECT * FROM code_information  ORDER BY operating_time DESC LIMIT 10" source=db
time="2021-10-10T22:21:31-04:00" level=info msg="SELECT * FROM code_information WHERE 1=1  ORDER BY operating_time DESC Limit 50 OFFSET 0" source=db
time="2021-10-10T22:21:31-04:00" level=info msg="SELECT * FROM code_information  ORDER BY operating_time DESC LIMIT 10" source=db
time="2021-10-10T22:21:31-04:00" level=info msg="SELECT * FROM code_information WHERE 1=1  ORDER BY operating_time DESC Limit 50 OFFSET 0" source=db
time="2021-10-10T22:21:31-04:00" level=info msg="SELECT * FROM code_information  ORDER BY operating_time DESC LIMIT 10" source=db
time="2021-10-10T22:21:31-04:00" level=info msg="SELECT * FROM code_information WHERE 1=1  ORDER BY operating_time DESC Limit 50 OFFSET 0" source=db
time="2021-10-10T22:21:31-04:00" level=info msg="SELECT * FROM code_information  ORDER BY operating_time DESC LIMIT 10" source=db
time="2021-10-10T22:21:32-04:00" level=info msg="SELECT * FROM code_information WHERE 1=1  ORDER BY operating_time DESC Limit 50 OFFSET 0" source=db
time="2021-10-10T22:21:32-04:00" level=info msg="SELECT * FROM code_information  ORDER BY operating_time DESC LIMIT 10" source=db
time="2021-10-10T22:21:32-04:00" level=info msg="SELECT * FROM code_information WHERE 1=1  ORDER BY operating_time DESC Limit 50 OFFSET 0" source=db
time="2021-10-10T22:21:32-04:00" level=info msg="SELECT * FROM code_information  ORDER BY operating_time DESC LIMIT 10" source=db
time="2021-10-10T22:21:32-04:00" level=info msg="SELECT * FROM code_information WHERE 1=1  ORDER BY operating_time DESC Limit 50 OFFSET 0" source=db
time="2021-10-10T22:21:32-04:00" level=info msg="SELECT * FROM code_information  ORDER BY operating_time DESC LIMIT 10" source=db
time="2021-10-10T22:21:32-04:00" level=info msg="SELECT * FROM code_information WHERE 1=1  ORDER BY operating_time DESC Limit 50 OFFSET 0" source=db
time="2021-10-10T22:21:32-04:00" level=info msg="SELECT * FROM code_information  ORDER BY operating_time DESC LIMIT 10" source=db
time="2021-10-10T22:21:33-04:00" level=info msg="SELECT * FROM code_information WHERE 1=1  ORDER BY operating_time DESC Limit 50 OFFSET 0" source=db
time="2021-10-10T22:21:33-04:00" level=info msg="SELECT * FROM code_information  ORDER BY operating_time DESC LIMIT 10" source=db
time="2021-10-10T22:21:33-04:00" level=info msg="SELECT * FROM code_information WHERE 1=1  ORDER BY operating_time DESC Limit 50 OFFSET 0" source=db
time="2021-10-10T22:21:33-04:00" level=info msg="SELECT * FROM code_information  ORDER BY operating_time DESC LIMIT 10" source=db
time="2021-10-10T22:21:33-04:00" level=info msg="SELECT * FROM code_information WHERE 1=1  ORDER BY operating_time DESC Limit 50 OFFSET 0" source=db
time="2021-10-10T22:21:33-04:00" level=info msg="SELECT * FROM code_information  ORDER BY operating_time DESC LIMIT 10" source=db
time="2021-10-10T22:21:33-04:00" level=info msg="SELECT * FROM code_information WHERE 1=1  ORDER BY operating_time DESC Limit 50 OFFSET 0" source=db
time="2021-10-10T22:21:33-04:00" level=info msg="SELECT * FROM code_information  ORDER BY operating_time DESC LIMIT 10" source=db
time="2021-10-10T22:21:34-04:00" level=info msg="SELECT * FROM code_information WHERE 1=1  ORDER BY operating_time DESC Limit 50 OFFSET 0" source=db
time="2021-10-10T22:21:34-04:00" level=info msg="SELECT * FROM code_information  ORDER BY operating_time DESC LIMIT 10" source=db
time="2021-10-10T22:21:34-04:00" level=info msg="SELECT * FROM code_information WHERE 1=1  ORDER BY operating_time DESC Limit 50 OFFSET 0" source=db
time="2021-10-10T22:21:34-04:00" level=info msg="SELECT * FROM code_information  ORDER BY operating_time DESC LIMIT 10" source=db
time="2021-10-10T22:21:34-04:00" level=info msg="SELECT * FROM code_information WHERE 1=1  ORDER BY operating_time DESC Limit 50 OFFSET 0" source=db
time="2021-10-10T22:21:34-04:00" level=info msg="SELECT * FROM code_information  ORDER BY operating_time DESC LIMIT 10" source=db
time="2021-10-10T22:21:34-04:00" level=info msg="SELECT * FROM code_information WHERE 1=1  ORDER BY operating_time DESC Limit 50 OFFSET 0" source=db
time="2021-10-10T22:21:34-04:00" level=info msg="SELECT * FROM code_information  ORDER BY operating_time DESC LIMIT 10" source=db
time="2021-10-10T22:21:35-04:00" level=info msg="SELECT * FROM code_information WHERE 1=1  ORDER BY operating_time DESC Limit 50 OFFSET 0" source=db
time="2021-10-10T22:21:35-04:00" level=info msg="SELECT * FROM code_information  ORDER BY operating_time DESC LIMIT 10" source=db
time="2021-10-10T22:21:35-04:00" level=info msg="SELECT * FROM code_information WHERE 1=1  ORDER BY operating_time DESC Limit 50 OFFSET 0" source=db
time="2021-10-10T22:21:35-04:00" level=info msg="SELECT * FROM code_information  ORDER BY operating_time DESC LIMIT 10" source=db
time="2021-10-10T22:21:35-04:00" level=info msg="SELECT * FROM code_information WHERE 1=1  ORDER BY operating_time DESC Limit 50 OFFSET 0" source=db
time="2021-10-10T22:21:35-04:00" level=info msg="SELECT * FROM code_information  ORDER BY operating_time DESC LIMIT 10" source=db
time="2021-10-10T22:21:37-04:00" level=info msg="SELECT * FROM code_information WHERE 1=1  ORDER BY operating_time DESC Limit 50 OFFSET 0" source=db
time="2021-10-10T22:21:37-04:00" level=info msg="SELECT * FROM code_information  ORDER BY operating_time DESC LIMIT 10" source=db
time="2021-10-10T22:21:37-04:00" level=info msg="SELECT * FROM code_information WHERE 1=1  ORDER BY operating_time DESC Limit 50 OFFSET 0" source=db
time="2021-10-10T22:21:37-04:00" level=info msg="SELECT * FROM code_information  ORDER BY operating_time DESC LIMIT 10" source=db
time="2021-10-10T22:21:37-04:00" level=info msg="SELECT * FROM code_information WHERE 1=1  ORDER BY operating_time DESC Limit 50 OFFSET 0" source=db
time="2021-10-10T22:21:37-04:00" level=info msg="SELECT * FROM code_information  ORDER BY operating_time DESC LIMIT 10" source=db
time="2021-10-10T22:21:37-04:00" level=info msg="SELECT * FROM code_information WHERE 1=1  ORDER BY operating_time DESC Limit 50 OFFSET 0" source=db
time="2021-10-10T22:21:37-04:00" level=info msg="SELECT * FROM code_information  ORDER BY operating_time DESC LIMIT 10" source=db
ok gamecoinlist
total: [map[total:1]]
time="2021-10-10T22:33:35-04:00" level=info msg="SELECT * FROM code_information WHERE 1=1  ORDER BY operating_time DESC Limit 50 OFFSET 0" source=db
time="2021-10-10T22:33:35-04:00" level=info msg="SELECT * FROM code_information  ORDER BY operating_time DESC LIMIT 10" source=db
time="2021-10-10T22:33:35-04:00" level=info msg="SELECT * FROM code_information WHERE 1=1  ORDER BY operating_time DESC Limit 50 OFFSET 0" source=db
time="2021-10-10T22:33:35-04:00" level=info msg="SELECT * FROM code_information  ORDER BY operating_time DESC LIMIT 10" source=db
time="2021-10-10T22:33:35-04:00" level=info msg="SELECT * FROM code_information WHERE 1=1  ORDER BY operating_time DESC Limit 50 OFFSET 0" source=db
time="2021-10-10T22:33:35-04:00" level=info msg="SELECT * FROM code_information  ORDER BY operating_time DESC LIMIT 10" source=db
time="2021-10-10T22:33:36-04:00" level=info msg="SELECT * FROM code_information WHERE 1=1  ORDER BY operating_time DESC Limit 50 OFFSET 0" source=db
time="2021-10-10T22:33:36-04:00" level=info msg="SELECT * FROM code_information  ORDER BY operating_time DESC LIMIT 10" source=db
time="2021-10-10T22:33:36-04:00" level=info msg="SELECT * FROM code_information WHERE 1=1  ORDER BY operating_time DESC Limit 50 OFFSET 0" source=db
time="2021-10-10T22:33:36-04:00" level=info msg="SELECT * FROM code_information  ORDER BY operating_time DESC LIMIT 10" source=db
time="2021-10-10T22:33:36-04:00" level=info msg="SELECT * FROM code_information WHERE 1=1  ORDER BY operating_time DESC Limit 50 OFFSET 0" source=db
time="2021-10-10T22:33:36-04:00" level=info msg="SELECT * FROM code_information  ORDER BY operating_time DESC LIMIT 10" source=db
time="2021-10-10T22:33:36-04:00" level=info msg="SELECT * FROM code_information WHERE 1=1  ORDER BY operating_time DESC Limit 50 OFFSET 0" source=db
time="2021-10-10T22:33:36-04:00" level=info msg="SELECT * FROM code_information  ORDER BY operating_time DESC LIMIT 10" source=db
time="2021-10-10T22:33:37-04:00" level=info msg="SELECT * FROM code_information WHERE 1=1  ORDER BY operating_time DESC Limit 50 OFFSET 0" source=db
time="2021-10-10T22:33:37-04:00" level=info msg="SELECT * FROM code_information  ORDER BY operating_time DESC LIMIT 10" source=db
time="2021-10-10T22:33:37-04:00" level=info msg="SELECT * FROM code_information WHERE 1=1  ORDER BY operating_time DESC Limit 50 OFFSET 0" source=db
time="2021-10-10T22:33:37-04:00" level=info msg="SELECT * FROM code_information  ORDER BY operating_time DESC LIMIT 10" source=db
time="2021-10-10T22:33:37-04:00" level=info msg="SELECT * FROM code_information WHERE 1=1  ORDER BY operating_time DESC Limit 50 OFFSET 0" source=db
time="2021-10-10T22:33:37-04:00" level=info msg="SELECT * FROM code_information  ORDER BY operating_time DESC LIMIT 10" source=db
time="2021-10-10T22:33:37-04:00" level=info msg="SELECT * FROM code_information WHERE 1=1  ORDER BY operating_time DESC Limit 50 OFFSET 0" source=db
time="2021-10-10T22:33:37-04:00" level=info msg="SELECT * FROM code_information  ORDER BY operating_time DESC LIMIT 10" source=db
time="2021-10-10T22:33:38-04:00" level=info msg="SELECT * FROM code_information WHERE 1=1  ORDER BY operating_time DESC Limit 50 OFFSET 0" source=db
time="2021-10-10T22:33:38-04:00" level=info msg="SELECT * FROM code_information  ORDER BY operating_time DESC LIMIT 10" source=db
time="2021-10-10T22:33:38-04:00" level=info msg="SELECT * FROM code_information WHERE 1=1  ORDER BY operating_time DESC Limit 50 OFFSET 0" source=db
time="2021-10-10T22:33:38-04:00" level=info msg="SELECT * FROM code_information  ORDER BY operating_time DESC LIMIT 10" source=db
time="2021-10-10T22:33:40-04:00" level=info msg="select u.uid, u.nick_name, u.level, u.game_coin, u.user_acc, u.user_permission, u.create_at, u.last_login_at, u.create_os, u.last_login_os,u.normal_active from `user` u  WHERE 1=1  AND `user_permission` != 'super_admin' GROUP BY u.`uid`  ORDER BY `create_at` DESC  Limit 50 OFFSET 0" source=db
2021/10/10 22:33:43 here is connnnnnnnnttttttttttttttttttttttttttttttt
time="2021-10-10T22:33:43-04:00" level=info msg="select * from game_coin_locker_history WHERE 1=1   Limit 50 OFFSET 0" source=db
2021/10/11 00:05:20 net/http: invalid Cookie.Domain "172.115"; dropping domain attribute
2021/10/11 01:11:49 net/http: invalid Cookie.Domain "172.115"; dropping domain attribute
2021/10/11 06:13:21 net/http: invalid Cookie.Domain "172.115"; dropping domain attribute
2021/10/11 07:39:13 net/http: invalid Cookie.Domain "172.115"; dropping domain attribute
2021/10/11 08:12:48 net/http: invalid Cookie.Domain "172.115"; dropping domain attribute
2021/10/11 08:12:48 net/http: invalid Cookie.Domain "172.115"; dropping domain attribute
2021/10/11 12:08:28 net/http: invalid Cookie.Domain "172.115"; dropping domain attribute
2021/10/11 12:40:44 net/http: invalid Cookie.Domain "172.115"; dropping domain attribute
2021/10/11 17:50:36 net/http: invalid Cookie.Domain "172.115"; dropping domain attribute
2021/10/11 18:47:39 net/http: invalid Cookie.Domain "172.115"; dropping domain attribute
2021/10/11 20:51:01 net/http: invalid Cookie.Domain "172.115"; dropping domain attribute
[mysql] 2021/10/11 21:24:26 packets.go:122: closing bad idle connection: unexpected read from socket
time="2021-10-11T21:24:40-04:00" level=info msg="queryStr of report" source=db
time="2021-10-11T21:24:40-04:00" level=info msg="SELECT r.*, (haochehui_tax + pinshi_tax) as 'total_tax', (SELECT COALESCE(SUM(`game_coin`), '未统计') as sum_results FROM `total_game_coin` WHERE DATE(`create_at`) = r.create_at) as 'totalPlayerGamecoin' FROM `report` r WHERE r.create_at = DATE('2021-10-12 08:24:40') ORDER BY r.create_at DESC" source=db
time="2021-10-11T21:24:40-04:00" level=info msg="queryStr1 is: SELECT COUNT(*) as register_num FROM log_information WHERE reason = '注册奖励' AND DATE(operating_time) = DATE(now()) " source=db
time="2021-10-11T21:24:40-04:00" level=info msg="queryStr2 is: SELECT COUNT(*) as login_num FROM log_information WHERE reason = '登陆' AND DATE(operating_time) = DATE(now()) " source=db
time="2021-10-11T21:24:40-04:00" level=info msg="queryStr3 is: SELECT COALESCE(SUM(payment_amount), 0) as total_payment_amount FROM gamespace.order WHERE order_status = 'đã thanh toán' AND  DATE(updated_datetime) = DATE(now()) " source=db
time="2021-10-11T21:24:40-04:00" level=info msg="queryStr4 is: SELECT COALESCE(SUM(bet_total), 0) as total_bet FROM log_information WHERE uid > 0 AND game != '' AND DATE(operating_time) = DATE(now()) " source=db
time="2021-10-11T21:24:40-04:00" level=info msg="queryStr5 is: SELECT COUNT(*) as bet_num FROM log_information WHERE uid > 0 AND game != '' AND DATE(operating_time) = DATE(now()) " source=db
time="2021-10-11T21:24:40-04:00" level=info msg="queryStr6 is: SELECT COALESCE(SUM(used), 0) as total_win_lose FROM log_information WHERE uid > 0 AND game != '' AND DATE(operating_time) = DATE(now()) " source=db
time="2021-10-11T21:24:40-04:00" level=info msg="in return now" source=db
time="2021-10-11T21:24:40-04:00" level=info msg="SELECT now() as time_online " source=db
SELECT s.num_reg as countReg, s.num_day1 as count_d01, s.num_day3 as count_d03, s.num_day7 as count_d07, s1.num_day15 as count_d15, s1.num_day30 as count_d30, s1.num_day60 as count_d60, s1.num_day90 as count_d90, s.log_day FROM stay s left join stay1 s1 on s.log_day = s1.log_day WHERE 1=1  AND s.log_day != DATE(curdate()) ORDER BY s.log_day DESC  Limit 50 OFFSET 0
time="2021-10-11T21:24:41-04:00" level=info msg="SELECT s.num_reg as countReg, s.num_day1 as count_d01, s.num_day3 as count_d03, s.num_day7 as count_d07, s1.num_day15 as count_d15, s1.num_day30 as count_d30, s1.num_day60 as count_d60, s1.num_day90 as count_d90, s.log_day FROM stay s left join stay1 s1 on s.log_day = s1.log_day WHERE 1=1 AND s.log_day != DATE(curdate()) ORDER BY s.log_day DESC" source=db
time="2021-10-11T21:24:44-04:00" level=info msg="SELECT * FROM code_information WHERE 1=1  ORDER BY operating_time DESC Limit 50 OFFSET 0" source=db
time="2021-10-11T21:24:44-04:00" level=info msg="SELECT * FROM code_information  ORDER BY operating_time DESC LIMIT 10" source=db
time="2021-10-11T21:24:44-04:00" level=info msg="SELECT * FROM code_information WHERE 1=1  ORDER BY operating_time DESC Limit 50 OFFSET 0" source=db
time="2021-10-11T21:24:44-04:00" level=info msg="SELECT * FROM code_information  ORDER BY operating_time DESC LIMIT 10" source=db
time="2021-10-11T21:24:44-04:00" level=info msg="SELECT * FROM code_information WHERE 1=1  ORDER BY operating_time DESC Limit 50 OFFSET 0" source=db
time="2021-10-11T21:24:44-04:00" level=info msg="SELECT * FROM code_information  ORDER BY operating_time DESC LIMIT 10" source=db
time="2021-10-11T21:24:44-04:00" level=info msg="SELECT * FROM code_information WHERE 1=1  ORDER BY operating_time DESC Limit 50 OFFSET 0" source=db
time="2021-10-11T21:24:44-04:00" level=info msg="SELECT * FROM code_information  ORDER BY operating_time DESC LIMIT 10" source=db
time="2021-10-11T21:24:45-04:00" level=info msg="SELECT * FROM code_information WHERE 1=1  ORDER BY operating_time DESC Limit 50 OFFSET 0" source=db
time="2021-10-11T21:24:45-04:00" level=info msg="SELECT * FROM code_information  ORDER BY operating_time DESC LIMIT 10" source=db
time="2021-10-11T21:24:45-04:00" level=info msg="SELECT * FROM code_information WHERE 1=1  ORDER BY operating_time DESC Limit 50 OFFSET 0" source=db
time="2021-10-11T21:24:45-04:00" level=info msg="SELECT * FROM code_information  ORDER BY operating_time DESC LIMIT 10" source=db
ok gamecoinlist
total: [map[total:1]]
2021/10/11 23:25:17 net/http: invalid Cookie.Domain "172.115"; dropping domain attribute
time="2021-10-11T23:25:27-04:00" level=info msg="select u.uid, u.nick_name, u.level, u.game_coin, u.user_acc, u.user_permission, u.create_at, u.last_login_at, u.create_os, u.last_login_os,u.normal_active from `user` u  WHERE 1=1  AND `user_permission` != 'super_admin' GROUP BY u.`uid`  ORDER BY `create_at` DESC  Limit 50 OFFSET 0" source=db
time="2021-10-11T23:25:29-04:00" level=info msg="select u.uid, u.nick_name, u.level, u.game_coin, u.user_acc, u.user_permission, u.create_at, u.last_login_at, u.create_os, u.last_login_os,u.normal_active from `user` u  WHERE 1=1 AND u.`uid` = '111313956'  AND `user_permission` != 'super_admin' GROUP BY u.`uid`  ORDER BY `create_at` DESC  Limit 50 OFFSET 0" source=db
2021/10/12 00:36:50 net/http: invalid Cookie.Domain "172.115"; dropping domain attribute
2021/10/12 01:54:55 net/http: invalid Cookie.Domain "172.115"; dropping domain attribute
2021/10/12 02:11:08 net/http: invalid Cookie.Domain "172.115"; dropping domain attribute
2021/10/12 02:22:07 net/http: invalid Cookie.Domain "172.115"; dropping domain attribute
2021/10/12 03:22:07 net/http: invalid Cookie.Domain "172.115"; dropping domain attribute
2021/10/12 05:15:58 net/http: invalid Cookie.Domain "172.115"; dropping domain attribute
2021/10/12 08:50:27 net/http: invalid Cookie.Domain "172.115"; dropping domain attribute
2021/10/12 08:50:27 net/http: invalid Cookie.Domain "172.115"; dropping domain attribute
2021/10/12 09:50:06 net/http: invalid Cookie.Domain "172.115"; dropping domain attribute
2021/10/12 09:50:06 net/http: invalid Cookie.Domain "172.115"; dropping domain attribute
2021/10/12 11:08:42 net/http: invalid Cookie.Domain "172.115"; dropping domain attribute
2021/10/12 14:33:17 net/http: invalid Cookie.Domain "172.115"; dropping domain attribute
2021/10/12 14:52:36 net/http: invalid Cookie.Domain "172.115"; dropping domain attribute
2021/10/12 16:25:59 net/http: invalid Cookie.Domain "172.115"; dropping domain attribute
2021/10/12 16:49:26 net/http: invalid Cookie.Domain "172.115"; dropping domain attribute
2021/10/12 20:04:18 net/http: invalid Cookie.Domain "172.115"; dropping domain attribute
2021/10/12 22:28:11 net/http: invalid Cookie.Domain "172.115"; dropping domain attribute
2021/10/12 23:46:28 net/http: invalid Cookie.Domain "172.115"; dropping domain attribute
2021/10/13 02:02:12 net/http: invalid Cookie.Domain "172.115"; dropping domain attribute
2021/10/13 03:05:13 net/http: invalid Cookie.Domain "172.115"; dropping domain attribute
signal: killed
Now listening on: http://localhost:8080
Application started. Press CTRL+C to shut down.
2021/10/13 06:50:18 net/http: invalid Cookie.Domain "172.115"; dropping domain attribute
2021/10/13 10:29:16 net/http: invalid Cookie.Domain "172.115"; dropping domain attribute
2021/10/13 12:08:01 net/http: invalid Cookie.Domain "172.115"; dropping domain attribute
2021/10/13 15:10:06 net/http: invalid Cookie.Domain "172.115"; dropping domain attribute
2021/10/13 15:11:25 net/http: invalid Cookie.Domain "172.115"; dropping domain attribute
[mysql] 2021/10/13 21:52:21 packets.go:122: closing bad idle connection: unexpected read from socket
time="2021-10-13T21:52:23-04:00" level=info msg="select uid, promo_code, sum(promo_num) as promo_num, sum(active_num) as active_num, sum(send_num) as send_num, sum(receive_num) as receive_num, sum(total_num) as total_num, sum(total_amount) as total_amount, sum(service_tax) as service_tax, operating_time from `proxy`  WHERE 1=1 AND `operating_time` >= curdate()  GROUP BY uid, promo_code, operating_time  ORDER BY `operating_time` DESC  Limit 50 OFFSET 0" source=db
time="2021-10-13T21:52:23-04:00" level=info msg="select uid, promo_code, sum(promo_num) as promo_num, sum(active_num) as active_num, sum(send_num) as send_num, sum(receive_num) as receive_num, sum(total_num) as total_num, sum(total_amount) as total_amount, sum(service_tax) as service_tax, operating_time from `proxy`  WHERE 1=1 AND `operating_time` >= curdate()  GROUP BY uid, promo_code, operating_time  ORDER BY `operating_time` DESC  Limit 50 OFFSET 0" source=db
time="2021-10-13T21:52:23-04:00" level=info msg="select uid, promo_code, sum(promo_num) as promo_num, sum(active_num) as active_num, sum(send_num) as send_num, sum(receive_num) as receive_num, sum(total_num) as total_num, sum(total_amount) as total_amount, sum(service_tax) as service_tax, operating_time from `proxy`  WHERE 1=1 AND `operating_time` >= curdate()  GROUP BY uid, promo_code, operating_time  ORDER BY `operating_time` DESC  Limit 50 OFFSET 0" source=db
time="2021-10-13T21:52:24-04:00" level=info msg="select uid, promo_code, sum(promo_num) as promo_num, sum(active_num) as active_num, sum(send_num) as send_num, sum(receive_num) as receive_num, sum(total_num) as total_num, sum(total_amount) as total_amount, sum(service_tax) as service_tax, operating_time from `proxy`  WHERE 1=1 AND `operating_time` >= curdate()  GROUP BY uid, promo_code, operating_time  ORDER BY `operating_time` DESC  Limit 50 OFFSET 0" source=db
time="2021-10-13T21:52:24-04:00" level=info msg="select uid, promo_code, sum(promo_num) as promo_num, sum(active_num) as active_num, sum(send_num) as send_num, sum(receive_num) as receive_num, sum(total_num) as total_num, sum(total_amount) as total_amount, sum(service_tax) as service_tax, operating_time from `proxy`  WHERE 1=1 AND `operating_time` >= curdate()  GROUP BY uid, promo_code, operating_time  ORDER BY `operating_time` DESC  Limit 50 OFFSET 0" source=db
time="2021-10-13T21:52:24-04:00" level=info msg="select uid, promo_code, sum(promo_num) as promo_num, sum(active_num) as active_num, sum(send_num) as send_num, sum(receive_num) as receive_num, sum(total_num) as total_num, sum(total_amount) as total_amount, sum(service_tax) as service_tax, operating_time from `proxy`  WHERE 1=1 AND `operating_time` >= curdate()  GROUP BY uid, promo_code, operating_time  ORDER BY `operating_time` DESC  Limit 50 OFFSET 0" source=db
time="2021-10-13T21:52:25-04:00" level=info msg="select uid, promo_code, sum(promo_num) as promo_num, sum(active_num) as active_num, sum(send_num) as send_num, sum(receive_num) as receive_num, sum(total_num) as total_num, sum(total_amount) as total_amount, sum(service_tax) as service_tax, operating_time from `proxy`  WHERE 1=1 AND `operating_time` >= curdate()  GROUP BY uid, promo_code, operating_time  ORDER BY `operating_time` DESC  Limit 50 OFFSET 0" source=db
time="2021-10-13T21:52:25-04:00" level=info msg="select uid, promo_code, sum(promo_num) as promo_num, sum(active_num) as active_num, sum(send_num) as send_num, sum(receive_num) as receive_num, sum(total_num) as total_num, sum(total_amount) as total_amount, sum(service_tax) as service_tax, operating_time from `proxy`  WHERE 1=1 AND `operating_time` >= curdate()  GROUP BY uid, promo_code, operating_time  ORDER BY `operating_time` DESC  Limit 50 OFFSET 0" source=db
time="2021-10-13T21:52:25-04:00" level=info msg="select uid, promo_code, sum(promo_num) as promo_num, sum(active_num) as active_num, sum(send_num) as send_num, sum(receive_num) as receive_num, sum(total_num) as total_num, sum(total_amount) as total_amount, sum(service_tax) as service_tax, operating_time from `proxy`  WHERE 1=1 AND `operating_time` >= curdate()  GROUP BY uid, promo_code, operating_time  ORDER BY `operating_time` DESC  Limit 50 OFFSET 0" source=db
time="2021-10-13T21:52:25-04:00" level=info msg="select uid, promo_code, sum(promo_num) as promo_num, sum(active_num) as active_num, sum(send_num) as send_num, sum(receive_num) as receive_num, sum(total_num) as total_num, sum(total_amount) as total_amount, sum(service_tax) as service_tax, operating_time from `proxy`  WHERE 1=1 AND `operating_time` >= curdate()  GROUP BY uid, promo_code, operating_time  ORDER BY `operating_time` DESC  Limit 50 OFFSET 0" source=db
time="2021-10-13T21:52:26-04:00" level=info msg="select uid, promo_code, sum(promo_num) as promo_num, sum(active_num) as active_num, sum(send_num) as send_num, sum(receive_num) as receive_num, sum(total_num) as total_num, sum(total_amount) as total_amount, sum(service_tax) as service_tax, operating_time from `proxy`  WHERE 1=1 AND `operating_time` >= curdate()  GROUP BY uid, promo_code, operating_time  ORDER BY `operating_time` DESC  Limit 50 OFFSET 0" source=db
time="2021-10-13T21:52:26-04:00" level=info msg="select uid, promo_code, sum(promo_num) as promo_num, sum(active_num) as active_num, sum(send_num) as send_num, sum(receive_num) as receive_num, sum(total_num) as total_num, sum(total_amount) as total_amount, sum(service_tax) as service_tax, operating_time from `proxy`  WHERE 1=1 AND `operating_time` >= curdate()  GROUP BY uid, promo_code, operating_time  ORDER BY `operating_time` DESC  Limit 50 OFFSET 0" source=db
time="2021-10-13T21:52:26-04:00" level=info msg="select uid, promo_code, sum(promo_num) as promo_num, sum(active_num) as active_num, sum(send_num) as send_num, sum(receive_num) as receive_num, sum(total_num) as total_num, sum(total_amount) as total_amount, sum(service_tax) as service_tax, operating_time from `proxy`  WHERE 1=1 AND `operating_time` >= curdate()  GROUP BY uid, promo_code, operating_time  ORDER BY `operating_time` DESC  Limit 50 OFFSET 0" source=db
time="2021-10-13T21:52:26-04:00" level=info msg="select uid, promo_code, sum(promo_num) as promo_num, sum(active_num) as active_num, sum(send_num) as send_num, sum(receive_num) as receive_num, sum(total_num) as total_num, sum(total_amount) as total_amount, sum(service_tax) as service_tax, operating_time from `proxy`  WHERE 1=1 AND `operating_time` >= curdate()  GROUP BY uid, promo_code, operating_time  ORDER BY `operating_time` DESC  Limit 50 OFFSET 0" source=db
time="2021-10-13T21:52:27-04:00" level=info msg="select uid, promo_code, sum(promo_num) as promo_num, sum(active_num) as active_num, sum(send_num) as send_num, sum(receive_num) as receive_num, sum(total_num) as total_num, sum(total_amount) as total_amount, sum(service_tax) as service_tax, operating_time from `proxy`  WHERE 1=1 AND `operating_time` >= curdate()  GROUP BY uid, promo_code, operating_time  ORDER BY `operating_time` DESC  Limit 50 OFFSET 0" source=db
time="2021-10-13T21:52:27-04:00" level=info msg="select uid, promo_code, sum(promo_num) as promo_num, sum(active_num) as active_num, sum(send_num) as send_num, sum(receive_num) as receive_num, sum(total_num) as total_num, sum(total_amount) as total_amount, sum(service_tax) as service_tax, operating_time from `proxy`  WHERE 1=1 AND `operating_time` >= curdate()  GROUP BY uid, promo_code, operating_time  ORDER BY `operating_time` DESC  Limit 50 OFFSET 0" source=db
time="2021-10-13T21:52:54-04:00" level=info msg="SELECT * FROM code_information WHERE 1=1  ORDER BY operating_time DESC Limit 50 OFFSET 0" source=db
time="2021-10-13T21:52:54-04:00" level=info msg="SELECT * FROM code_information  ORDER BY operating_time DESC LIMIT 10" source=db
time="2021-10-13T21:53:08-04:00" level=info msg="queryStr of report" source=db
time="2021-10-13T21:53:08-04:00" level=info msg="SELECT r.*, (haochehui_tax + pinshi_tax) as 'total_tax', (SELECT COALESCE(SUM(`game_coin`), '未统计') as sum_results FROM `total_game_coin` WHERE DATE(`create_at`) = r.create_at) as 'totalPlayerGamecoin' FROM `report` r WHERE r.create_at = DATE('2021-10-14 08:53:08') ORDER BY r.create_at DESC" source=db
time="2021-10-13T21:53:08-04:00" level=info msg="queryStr1 is: SELECT COUNT(*) as register_num FROM log_information WHERE reason = '注册奖励' AND DATE(operating_time) = DATE(now()) " source=db
time="2021-10-13T21:53:08-04:00" level=info msg="queryStr2 is: SELECT COUNT(*) as login_num FROM log_information WHERE reason = '登陆' AND DATE(operating_time) = DATE(now()) " source=db
time="2021-10-13T21:53:08-04:00" level=info msg="queryStr3 is: SELECT COALESCE(SUM(payment_amount), 0) as total_payment_amount FROM gamespace.order WHERE order_status = 'đã thanh toán' AND  DATE(updated_datetime) = DATE(now()) " source=db
time="2021-10-13T21:53:08-04:00" level=info msg="queryStr4 is: SELECT COALESCE(SUM(bet_total), 0) as total_bet FROM log_information WHERE uid > 0 AND game != '' AND DATE(operating_time) = DATE(now()) " source=db
time="2021-10-13T21:53:08-04:00" level=info msg="queryStr5 is: SELECT COUNT(*) as bet_num FROM log_information WHERE uid > 0 AND game != '' AND DATE(operating_time) = DATE(now()) " source=db
time="2021-10-13T21:53:08-04:00" level=info msg="queryStr6 is: SELECT COALESCE(SUM(used), 0) as total_win_lose FROM log_information WHERE uid > 0 AND game != '' AND DATE(operating_time) = DATE(now()) " source=db
time="2021-10-13T21:53:08-04:00" level=info msg="in return now" source=db
time="2021-10-13T21:53:08-04:00" level=info msg="SELECT now() as time_online " source=db
signal: killed
Now listening on: http://localhost:8080
Application started. Press CTRL+C to shut down.
time="2021-10-17T21:45:56-04:00" level=info msg="select uid, promo_code, coalesce(sum(promo_num), 0) as promo_num, coalesce(sum(active_num), 0) as active_num, coalesce(sum(send_num), 0) as send_num, coalesce(sum(receive_num), 0) as receive_num, coalesce(sum(total_num), 0) as total_num, coalesce(sum(total_amount), 0) as total_amount, coalesce(sum(service_tax), 0) as service_tax, coalesce(sum(count_completed), 0) as count_completed, (select operating_time from `proxy`  WHERE 1=1 AND DATE(operating_time) >= curdate()  LIMIT 1) as operating_time from `proxy`  WHERE 1=1 AND DATE(operating_time) >= curdate()  GROUP BY uid, promo_code ORDER by operating_time desc Limit 50 OFFSET 0" source=db
time="2021-10-17T21:45:57-04:00" level=info msg="select uid, promo_code, coalesce(sum(promo_num), 0) as promo_num, coalesce(sum(active_num), 0) as active_num, coalesce(sum(send_num), 0) as send_num, coalesce(sum(receive_num), 0) as receive_num, coalesce(sum(total_num), 0) as total_num, coalesce(sum(total_amount), 0) as total_amount, coalesce(sum(service_tax), 0) as service_tax, coalesce(sum(count_completed), 0) as count_completed, (select operating_time from `proxy`  WHERE 1=1 AND DATE(operating_time) >= curdate() - INTERVAL DAYOFWEEK(curdate())+6 DAY  LIMIT 1) as operating_time from `proxy`  WHERE 1=1 AND DATE(operating_time) >= curdate() - INTERVAL DAYOFWEEK(curdate())+6 DAY  GROUP BY uid, promo_code ORDER by operating_time desc Limit 50 OFFSET 0" source=db
time="2021-10-17T21:46:09-04:00" level=info msg="select uid, promo_code, coalesce(sum(promo_num), 0) as promo_num, coalesce(sum(active_num), 0) as active_num, coalesce(sum(send_num), 0) as send_num, coalesce(sum(receive_num), 0) as receive_num, coalesce(sum(total_num), 0) as total_num, coalesce(sum(total_amount), 0) as total_amount, coalesce(sum(service_tax), 0) as service_tax, coalesce(sum(count_completed), 0) as count_completed, (select operating_time from `proxy`  WHERE 1=1 AND DATE(operating_time) <= current_date()  LIMIT 1) as operating_time from `proxy`  WHERE 1=1 AND DATE(operating_time) <= current_date()  GROUP BY uid, promo_code ORDER by operating_time desc Limit 50 OFFSET 0" source=db
proxy: 111313943
time="2021-10-17T21:46:11-04:00" level=info msg="select uid, coalesce(sum(total_lose), 0) as total_lose, coalesce(sum(total_win), 0) as total_win, coalesce(sum(total_win_lose), 0) as total_win_lose,coalesce(sum(total_broad), 0) as total_broad, coalesce(sum(send_num), 0) as send_num, coalesce(sum(receive_num), 0) as receive_num, coalesce(sum(total_amount), 0) as total_amount, coalesce(sum(count_completed), 0) as count_completed, (select operating_time from `proxy_user`  WHERE 1=1 AND `proxy_uid` = '111313943' AND DATE(operating_time) >= curdate()  LIMIT 1) as operating_time from `proxy_user`  WHERE 1=1 AND `proxy_uid` = '111313943' AND DATE(operating_time) >= curdate()  GROUP BY uid  ORDER BY `operating_time` DESC  Limit 50 OFFSET 0" source=db
proxy: 111313943
time="2021-10-17T21:46:13-04:00" level=info msg="select uid, coalesce(sum(total_lose), 0) as total_lose, coalesce(sum(total_win), 0) as total_win, coalesce(sum(total_win_lose), 0) as total_win_lose,coalesce(sum(total_broad), 0) as total_broad, coalesce(sum(send_num), 0) as send_num, coalesce(sum(receive_num), 0) as receive_num, coalesce(sum(total_amount), 0) as total_amount, coalesce(sum(count_completed), 0) as count_completed, (select operating_time from `proxy_user`  WHERE 1=1 AND `proxy_uid` = '111313943' AND DATE(operating_time) >= curdate() - INTERVAL DAYOFWEEK(curdate())+6 DAY  LIMIT 1) as operating_time from `proxy_user`  WHERE 1=1 AND `proxy_uid` = '111313943' AND DATE(operating_time) >= curdate() - INTERVAL DAYOFWEEK(curdate())+6 DAY  GROUP BY uid  ORDER BY `operating_time` DESC  Limit 50 OFFSET 0" source=db
proxy: 111313943
time="2021-10-17T21:46:15-04:00" level=info msg="select uid, coalesce(sum(total_lose), 0) as total_lose, coalesce(sum(total_win), 0) as total_win, coalesce(sum(total_win_lose), 0) as total_win_lose,coalesce(sum(total_broad), 0) as total_broad, coalesce(sum(send_num), 0) as send_num, coalesce(sum(receive_num), 0) as receive_num, coalesce(sum(total_amount), 0) as total_amount, coalesce(sum(count_completed), 0) as count_completed, (select operating_time from `proxy_user`  WHERE 1=1 AND `proxy_uid` = '111313943' AND DATE(operating_time) >= curdate() - 1 AND DATE(operating_time) < curdate()  LIMIT 1) as operating_time from `proxy_user`  WHERE 1=1 AND `proxy_uid` = '111313943' AND DATE(operating_time) >= curdate() - 1 AND DATE(operating_time) < curdate()  GROUP BY uid  ORDER BY `operating_time` DESC  Limit 50 OFFSET 0" source=db
proxy: 111313943
time="2021-10-17T21:46:16-04:00" level=info msg="select uid, coalesce(sum(total_lose), 0) as total_lose, coalesce(sum(total_win), 0) as total_win, coalesce(sum(total_win_lose), 0) as total_win_lose,coalesce(sum(total_broad), 0) as total_broad, coalesce(sum(send_num), 0) as send_num, coalesce(sum(receive_num), 0) as receive_num, coalesce(sum(total_amount), 0) as total_amount, coalesce(sum(count_completed), 0) as count_completed, (select operating_time from `proxy_user`  WHERE 1=1 AND `proxy_uid` = '111313943' AND DATE(operating_time) >= curdate() - INTERVAL DAYOFWEEK(curdate())+6 DAY  LIMIT 1) as operating_time from `proxy_user`  WHERE 1=1 AND `proxy_uid` = '111313943' AND DATE(operating_time) >= curdate() - INTERVAL DAYOFWEEK(curdate())+6 DAY  GROUP BY uid  ORDER BY `operating_time` DESC  Limit 50 OFFSET 0" source=db
proxy: 111313943
time="2021-10-17T21:46:17-04:00" level=info msg="select uid, coalesce(sum(total_lose), 0) as total_lose, coalesce(sum(total_win), 0) as total_win, coalesce(sum(total_win_lose), 0) as total_win_lose,coalesce(sum(total_broad), 0) as total_broad, coalesce(sum(send_num), 0) as send_num, coalesce(sum(receive_num), 0) as receive_num, coalesce(sum(total_amount), 0) as total_amount, coalesce(sum(count_completed), 0) as count_completed, (select operating_time from `proxy_user`  WHERE 1=1 AND `proxy_uid` = '111313943' AND DATE(operating_time) <= current_date()  LIMIT 1) as operating_time from `proxy_user`  WHERE 1=1 AND `proxy_uid` = '111313943' AND DATE(operating_time) <= current_date()  GROUP BY uid  ORDER BY `operating_time` DESC  Limit 50 OFFSET 0" source=db
time="2021-10-17T21:46:23-04:00" level=info msg="select uid, promo_code, coalesce(sum(promo_num), 0) as promo_num, coalesce(sum(active_num), 0) as active_num, coalesce(sum(send_num), 0) as send_num, coalesce(sum(receive_num), 0) as receive_num, coalesce(sum(total_num), 0) as total_num, coalesce(sum(total_amount), 0) as total_amount, coalesce(sum(service_tax), 0) as service_tax, coalesce(sum(count_completed), 0) as count_completed, (select operating_time from `proxy`  WHERE 1=1 AND DATE(operating_time) >= curdate()  LIMIT 1) as operating_time from `proxy`  WHERE 1=1 AND DATE(operating_time) >= curdate()  GROUP BY uid, promo_code ORDER by operating_time desc Limit 50 OFFSET 0" source=db
time="2021-10-17T21:52:52-04:00" level=info msg="select uid, promo_code, coalesce(sum(promo_num), 0) as promo_num, coalesce(sum(active_num), 0) as active_num, coalesce(sum(send_num), 0) as send_num, coalesce(sum(receive_num), 0) as receive_num, coalesce(sum(total_num), 0) as total_num, coalesce(sum(total_amount), 0) as total_amount, coalesce(sum(service_tax), 0) as service_tax, coalesce(sum(count_completed), 0) as count_completed, (select operating_time from `proxy`  WHERE 1=1 AND DATE(operating_time) >= curdate() - INTERVAL DAYOFWEEK(curdate())+6 DAY  LIMIT 1) as operating_time from `proxy`  WHERE 1=1 AND DATE(operating_time) >= curdate() - INTERVAL DAYOFWEEK(curdate())+6 DAY  GROUP BY uid, promo_code ORDER by operating_time desc Limit 50 OFFSET 0" source=db
time="2021-10-17T21:52:54-04:00" level=info msg="select uid, promo_code, coalesce(sum(promo_num), 0) as promo_num, coalesce(sum(active_num), 0) as active_num, coalesce(sum(send_num), 0) as send_num, coalesce(sum(receive_num), 0) as receive_num, coalesce(sum(total_num), 0) as total_num, coalesce(sum(total_amount), 0) as total_amount, coalesce(sum(service_tax), 0) as service_tax, coalesce(sum(count_completed), 0) as count_completed, (select operating_time from `proxy`  WHERE 1=1 AND DATE(operating_time) >= curdate()  LIMIT 1) as operating_time from `proxy`  WHERE 1=1 AND DATE(operating_time) >= curdate()  GROUP BY uid, promo_code ORDER by operating_time desc Limit 50 OFFSET 0" source=db
time="2021-10-17T21:52:58-04:00" level=info msg="select uid, promo_code, coalesce(sum(promo_num), 0) as promo_num, coalesce(sum(active_num), 0) as active_num, coalesce(sum(send_num), 0) as send_num, coalesce(sum(receive_num), 0) as receive_num, coalesce(sum(total_num), 0) as total_num, coalesce(sum(total_amount), 0) as total_amount, coalesce(sum(service_tax), 0) as service_tax, coalesce(sum(count_completed), 0) as count_completed, (select operating_time from `proxy`  WHERE 1=1 AND DATE(operating_time) >= curdate() - INTERVAL DAYOFWEEK(curdate())+6 DAY  LIMIT 1) as operating_time from `proxy`  WHERE 1=1 AND DATE(operating_time) >= curdate() - INTERVAL DAYOFWEEK(curdate())+6 DAY  GROUP BY uid, promo_code ORDER by operating_time desc Limit 50 OFFSET 0" source=db
time="2021-10-17T21:52:59-04:00" level=info msg="select uid, promo_code, coalesce(sum(promo_num), 0) as promo_num, coalesce(sum(active_num), 0) as active_num, coalesce(sum(send_num), 0) as send_num, coalesce(sum(receive_num), 0) as receive_num, coalesce(sum(total_num), 0) as total_num, coalesce(sum(total_amount), 0) as total_amount, coalesce(sum(service_tax), 0) as service_tax, coalesce(sum(count_completed), 0) as count_completed, (select operating_time from `proxy`  WHERE 1=1 AND DATE(operating_time) >= curdate()  LIMIT 1) as operating_time from `proxy`  WHERE 1=1 AND DATE(operating_time) >= curdate()  GROUP BY uid, promo_code ORDER by operating_time desc Limit 50 OFFSET 0" source=db
signal: killed
Now listening on: http://localhost:8080
Application started. Press CTRL+C to shut down.
time="2021-10-18T02:33:34-04:00" level=info msg="select uid, promo_code, coalesce(sum(promo_num), 0) as promo_num, coalesce(sum(active_num), 0) as active_num, coalesce(sum(send_num), 0) as send_num, coalesce(sum(receive_num), 0) as receive_num, coalesce(sum(total_num), 0) as total_num, coalesce(sum(total_amount), 0) as total_amount, coalesce(sum(service_tax), 0) as service_tax, coalesce(sum(count_completed), 0) as count_completed, (select operating_time from `proxy`  WHERE 1=1 AND DATE(operating_time) >= curdate() - INTERVAL DAYOFWEEK(curdate())+6 DAY  LIMIT 1) as operating_time from `proxy`  WHERE 1=1 AND DATE(operating_time) >= curdate() - INTERVAL DAYOFWEEK(curdate())+6 DAY  GROUP BY uid, promo_code ORDER by operating_time desc Limit 50 OFFSET 0" source=db
2021/10/18 02:51:31 net/http: invalid Cookie.Domain "172.115"; dropping domain attribute
2021/10/18 03:26:58 net/http: invalid Cookie.Domain "172.115"; dropping domain attribute
2021/10/18 03:51:19 net/http: invalid Cookie.Domain "172.115"; dropping domain attribute
2021/10/18 08:01:08 net/http: invalid Cookie.Domain "172.115"; dropping domain attribute
2021/10/18 11:58:26 net/http: invalid Cookie.Domain "172.115"; dropping domain attribute
2021/10/18 12:48:01 net/http: invalid Cookie.Domain "172.115"; dropping domain attribute
2021/10/18 12:48:01 net/http: invalid Cookie.Domain "172.115"; dropping domain attribute
2021/10/18 23:38:59 net/http: invalid Cookie.Domain "172.115"; dropping domain attribute
2021/10/19 02:00:35 net/http: invalid Cookie.Domain "172.115"; dropping domain attribute
2021/10/19 10:32:40 net/http: invalid Cookie.Domain "172.115"; dropping domain attribute
[HTTP Server] http: URL query contains semicolon, which is no longer a supported separator; parts of the query may be stripped when parsed; see golang.org/issue/25192
2021/10/19 12:53:00 net/http: invalid Cookie.Domain "172.115"; dropping domain attribute
2021/10/19 19:31:27 net/http: invalid Cookie.Domain "172.115"; dropping domain attribute
2021/10/19 19:31:27 net/http: invalid Cookie.Domain "172.115"; dropping domain attribute
2021/10/19 20:08:21 net/http: invalid Cookie.Domain "172.115"; dropping domain attribute
2021/10/19 21:12:18 net/http: invalid Cookie.Domain "172.115"; dropping domain attribute
2021/10/19 21:14:19 net/http: invalid Cookie.Domain "172.115"; dropping domain attribute
2021/10/19 21:14:20 net/http: invalid Cookie.Domain "172.115"; dropping domain attribute
2021/10/20 02:04:54 net/http: invalid Cookie.Domain "172.115"; dropping domain attribute
2021/10/20 03:15:26 net/http: invalid Cookie.Domain "172.115"; dropping domain attribute
2021/10/20 10:07:07 net/http: invalid Cookie.Domain "172.115"; dropping domain attribute
2021/10/20 11:51:50 net/http: invalid Cookie.Domain "172.115"; dropping domain attribute
2021/10/20 13:16:22 net/http: invalid Cookie.Domain "172.115"; dropping domain attribute
2021/10/20 20:43:39 net/http: invalid Cookie.Domain "172.115"; dropping domain attribute
[mysql] 2021/10/20 21:53:28 packets.go:122: closing bad idle connection: unexpected read from socket
time="2021-10-20T21:53:30-04:00" level=info msg="select u.uid, u.nick_name, u.level, u.game_coin, u.user_acc, u.user_permission, u.create_at, u.last_login_at, u.create_os, u.last_login_os,u.normal_active from `user` u  WHERE 1=1  AND `user_permission` != 'super_admin' GROUP BY u.`uid`  ORDER BY `create_at` DESC  Limit 50 OFFSET 0" source=db
time="2021-10-20T21:53:47-04:00" level=info msg="select uid, promo_code, coalesce(sum(promo_num), 0) as promo_num, coalesce(sum(active_num), 0) as active_num, coalesce(sum(send_num), 0) as send_num, coalesce(sum(receive_num), 0) as receive_num, coalesce(sum(total_num), 0) as total_num, coalesce(sum(total_amount), 0) as total_amount, coalesce(sum(service_tax), 0) as service_tax, coalesce(sum(count_completed), 0) as count_completed, (select operating_time from `proxy`  WHERE 1=1 AND DATE(operating_time) >= curdate()  LIMIT 1) as operating_time from `proxy`  WHERE 1=1 AND DATE(operating_time) >= curdate()  GROUP BY uid, promo_code ORDER by operating_time desc Limit 50 OFFSET 0" source=db
time="2021-10-20T21:53:48-04:00" level=info msg="select uid, promo_code, coalesce(sum(promo_num), 0) as promo_num, coalesce(sum(active_num), 0) as active_num, coalesce(sum(send_num), 0) as send_num, coalesce(sum(receive_num), 0) as receive_num, coalesce(sum(total_num), 0) as total_num, coalesce(sum(total_amount), 0) as total_amount, coalesce(sum(service_tax), 0) as service_tax, coalesce(sum(count_completed), 0) as count_completed, (select operating_time from `proxy`  WHERE 1=1 AND DATE(operating_time) >= curdate() - INTERVAL DAYOFWEEK(curdate())+6 DAY  LIMIT 1) as operating_time from `proxy`  WHERE 1=1 AND DATE(operating_time) >= curdate() - INTERVAL DAYOFWEEK(curdate())+6 DAY  GROUP BY uid, promo_code ORDER by operating_time desc Limit 50 OFFSET 0" source=db
proxy: 111313967
time="2021-10-20T21:53:51-04:00" level=info msg="select uid, coalesce(sum(total_lose), 0) as total_lose, coalesce(sum(total_win), 0) as total_win, coalesce(sum(total_win_lose), 0) as total_win_lose,coalesce(sum(total_broad), 0) as total_broad, coalesce(sum(send_num), 0) as send_num, coalesce(sum(receive_num), 0) as receive_num, coalesce(sum(total_amount), 0) as total_amount, coalesce(sum(count_completed), 0) as count_completed, (select operating_time from `proxy_user`  WHERE 1=1 AND `proxy_uid` = '111313967' AND DATE(operating_time) >= curdate()  LIMIT 1) as operating_time from `proxy_user`  WHERE 1=1 AND `proxy_uid` = '111313967' AND DATE(operating_time) >= curdate()  GROUP BY uid  ORDER BY `operating_time` DESC  Limit 50 OFFSET 0" source=db
proxy: 111313967
time="2021-10-20T21:53:53-04:00" level=info msg="select uid, coalesce(sum(total_lose), 0) as total_lose, coalesce(sum(total_win), 0) as total_win, coalesce(sum(total_win_lose), 0) as total_win_lose,coalesce(sum(total_broad), 0) as total_broad, coalesce(sum(send_num), 0) as send_num, coalesce(sum(receive_num), 0) as receive_num, coalesce(sum(total_amount), 0) as total_amount, coalesce(sum(count_completed), 0) as count_completed, (select operating_time from `proxy_user`  WHERE 1=1 AND `proxy_uid` = '111313967' AND DATE(operating_time) >= curdate() - INTERVAL DAYOFWEEK(curdate())+6 DAY  LIMIT 1) as operating_time from `proxy_user`  WHERE 1=1 AND `proxy_uid` = '111313967' AND DATE(operating_time) >= curdate() - INTERVAL DAYOFWEEK(curdate())+6 DAY  GROUP BY uid  ORDER BY `operating_time` DESC  Limit 50 OFFSET 0" source=db
time="2021-10-20T21:53:57-04:00" level=info msg="select uid, promo_code, coalesce(sum(promo_num), 0) as promo_num, coalesce(sum(active_num), 0) as active_num, coalesce(sum(send_num), 0) as send_num, coalesce(sum(receive_num), 0) as receive_num, coalesce(sum(total_num), 0) as total_num, coalesce(sum(total_amount), 0) as total_amount, coalesce(sum(service_tax), 0) as service_tax, coalesce(sum(count_completed), 0) as count_completed, (select operating_time from `proxy`  WHERE 1=1 AND DATE(operating_time) >= curdate()  LIMIT 1) as operating_time from `proxy`  WHERE 1=1 AND DATE(operating_time) >= curdate()  GROUP BY uid, promo_code ORDER by operating_time desc Limit 50 OFFSET 0" source=db
2021/10/21 01:47:19 net/http: invalid Cookie.Domain "172.115"; dropping domain attribute
2021/10/21 03:21:53 net/http: invalid Cookie.Domain "172.115"; dropping domain attribute
[HTTP Server] http: URL query contains semicolon, which is no longer a supported separator; parts of the query may be stripped when parsed; see golang.org/issue/25192
2021/10/21 04:18:13 net/http: invalid Cookie.Domain "172.115"; dropping domain attribute
2021/10/21 05:45:51 net/http: invalid Cookie.Domain "172.115"; dropping domain attribute
2021/10/21 07:01:00 net/http: invalid Cookie.Domain "172.115"; dropping domain attribute
2021/10/21 08:25:06 net/http: invalid Cookie.Domain "172.115"; dropping domain attribute
2021/10/21 08:47:26 net/http: invalid Cookie.Domain "172.115"; dropping domain attribute
2021/10/21 12:05:06 net/http: invalid Cookie.Domain "172.115"; dropping domain attribute
2021/10/21 12:53:55 net/http: invalid Cookie.Domain "172.115"; dropping domain attribute
2021/10/21 12:53:55 net/http: invalid Cookie.Domain "172.115"; dropping domain attribute
2021/10/21 12:53:55 net/http: invalid Cookie.Domain "172.115"; dropping domain attribute
2021/10/21 15:52:28 net/http: invalid Cookie.Domain "172.115"; dropping domain attribute
2021/10/21 19:24:02 net/http: invalid Cookie.Domain "172.115"; dropping domain attribute
2021/10/21 19:24:02 net/http: invalid Cookie.Domain "172.115"; dropping domain attribute
2021/10/21 20:22:43 net/http: invalid Cookie.Domain "172.115"; dropping domain attribute
2021/10/21 20:24:29 net/http: invalid Cookie.Domain "172.115"; dropping domain attribute
2021/10/21 23:23:05 net/http: invalid Cookie.Domain "172.115"; dropping domain attribute
2021/10/21 23:23:05 net/http: invalid Cookie.Domain "172.115"; dropping domain attribute
2021/10/22 00:01:23 net/http: invalid Cookie.Domain "172.115"; dropping domain attribute
2021/10/22 00:31:51 net/http: invalid Cookie.Domain "172.115"; dropping domain attribute
2021/10/22 01:11:31 net/http: invalid Cookie.Domain "172.115"; dropping domain attribute
2021/10/22 01:11:31 net/http: invalid Cookie.Domain "172.115"; dropping domain attribute
2021/10/22 03:18:49 net/http: invalid Cookie.Domain "172.115"; dropping domain attribute
2021/10/22 04:23:47 net/http: invalid Cookie.Domain "172.115"; dropping domain attribute
